INFO 2025-05-06 17:42:16,957 autoreload 27504 1428 Watching for file changes with StatReloader
WARNING 2025-05-06 17:43:33,033 basehttp 27504 58272 "POST /api/v1/accounts/token/ HTTP/1.1" 400 147
WARNING 2025-05-06 17:43:59,737 basehttp 27504 70624 "POST /api/v1/accounts/token/ HTTP/1.1" 401 61
INFO 2025-05-06 17:45:01,349 autoreload 27504 1428 C:\Users\leo\grad-test\backend\accounts\serializers.py changed, reloading.
INFO 2025-05-06 17:45:02,695 autoreload 7484 64488 Watching for file changes with StatReloader
INFO 2025-05-06 17:45:21,357 autoreload 7484 64488 C:\Users\leo\grad-test\backend\accounts\serializers.py changed, reloading.
INFO 2025-05-06 17:45:22,829 autoreload 62612 57416 Watching for file changes with StatReloader
INFO 2025-05-06 17:45:53,137 basehttp 62612 57476 "POST /api/v1/accounts/token/ HTTP/1.1" 200 570
WARNING 2025-05-06 17:49:25,678 basehttp 62612 70748 "POST /api/v1/accounts/token/ HTTP/1.1" 400 147
INFO 2025-05-06 17:49:36,691 basehttp 62612 66448 "POST /api/v1/accounts/token/ HTTP/1.1" 200 570
WARNING 2025-05-06 17:50:15,864 basehttp 62612 50632 "GET / HTTP/1.1" 404 3817
INFO 2025-05-06 17:50:21,923 basehttp 62612 50632 "GET /admin HTTP/1.1" 301 0
INFO 2025-05-06 17:50:21,952 basehttp 62612 65884 "GET /admin/ HTTP/1.1" 302 0
INFO 2025-05-06 17:50:21,996 basehttp 62612 65884 "GET /admin/login/?next=/admin/ HTTP/1.1" 200 4184
INFO 2025-05-06 17:50:22,106 basehttp 62612 65884 "GET /static/admin/css/base.css HTTP/1.1" 200 22154
INFO 2025-05-06 17:50:22,107 basehttp 62612 47240 "GET /static/admin/css/dark_mode.css HTTP/1.1" 200 2808
INFO 2025-05-06 17:50:22,110 basehttp 62612 65884 "GET /static/admin/css/nav_sidebar.css HTTP/1.1" 200 2810
INFO 2025-05-06 17:50:22,111 basehttp 62612 47240 "GET /static/admin/css/login.css HTTP/1.1" 200 951
INFO 2025-05-06 17:50:22,113 basehttp 62612 65884 "GET /static/admin/css/responsive.css HTTP/1.1" 200 16632
INFO 2025-05-06 17:50:22,116 basehttp 62612 47240 "GET /static/admin/js/theme.js HTTP/1.1" 200 1653
INFO 2025-05-06 17:50:22,118 basehttp 62612 65884 "GET /static/admin/js/nav_sidebar.js HTTP/1.1" 200 3063
INFO 2025-05-06 17:50:30,518 basehttp 62612 65884 "POST /admin/login/?next=/admin/ HTTP/1.1" 302 0
INFO 2025-05-06 17:50:30,536 basehttp 62612 65884 "GET /admin/ HTTP/1.1" 200 13777
INFO 2025-05-06 17:50:30,584 basehttp 62612 65884 "GET /static/admin/css/dashboard.css HTTP/1.1" 200 441
INFO 2025-05-06 17:50:30,612 basehttp 62612 47240 "GET /static/admin/img/icon-changelink.svg HTTP/1.1" 200 380
INFO 2025-05-06 17:50:30,612 basehttp 62612 65884 "GET /static/admin/img/icon-addlink.svg HTTP/1.1" 200 331
INFO 2025-05-06 17:50:42,748 basehttp 62612 65884 "GET /admin/token_blacklist/blacklistedtoken/ HTTP/1.1" 200 16923
INFO 2025-05-06 17:50:42,785 basehttp 62612 70972 "GET /static/admin/js/core.js HTTP/1.1" 200 6208
INFO 2025-05-06 17:50:42,785 basehttp 62612 20544 "GET /static/admin/js/jquery.init.js HTTP/1.1" 200 347
INFO 2025-05-06 17:50:42,786 basehttp 62612 65884 "GET /static/admin/css/changelists.css HTTP/1.1" 200 6878
INFO 2025-05-06 17:50:42,788 basehttp 62612 60244 "GET /static/admin/js/admin/RelatedObjectLookups.js HTTP/1.1" 200 9777
INFO 2025-05-06 17:50:42,792 basehttp 62612 20544 "GET /static/admin/js/prepopulate.js HTTP/1.1" 200 1531
INFO 2025-05-06 17:50:42,792 basehttp 62612 70972 "GET /static/admin/js/actions.js HTTP/1.1" 200 8076
INFO 2025-05-06 17:50:42,793 basehttp 62612 47240 "GET /admin/jsi18n/ HTTP/1.1" 200 3342
INFO 2025-05-06 17:50:42,793 basehttp 62612 65884 "GET /static/admin/js/urlify.js HTTP/1.1" 200 7887
INFO 2025-05-06 17:50:42,796 basehttp 62612 25896 "GET /static/admin/js/vendor/jquery/jquery.js HTTP/1.1" 200 285314
INFO 2025-05-06 17:50:42,797 basehttp 62612 20544 "GET /static/admin/img/search.svg HTTP/1.1" 200 458
INFO 2025-05-06 17:50:42,797 basehttp 62612 60244 "GET /static/admin/js/vendor/xregexp/xregexp.js HTTP/1.1" 200 325171
INFO 2025-05-06 17:50:42,822 basehttp 62612 20544 "GET /static/admin/js/filters.js HTTP/1.1" 200 978
INFO 2025-05-06 17:50:42,838 basehttp 62612 20544 "GET /static/admin/img/tooltag-add.svg HTTP/1.1" 200 331
INFO 2025-05-06 17:50:42,838 basehttp 62612 60244 "GET /static/admin/img/sorting-icons.svg HTTP/1.1" 200 1097
INFO 2025-05-06 17:50:47,010 basehttp 62612 60244 "GET /admin/token_blacklist/outstandingtoken/ HTTP/1.1" 200 16150
INFO 2025-05-06 17:50:52,199 basehttp 62612 60244 "GET /admin/auth/group/ HTTP/1.1" 200 13800
INFO 2025-05-06 17:50:52,246 basehttp 62612 60244 "GET /admin/jsi18n/ HTTP/1.1" 200 3342
INFO 2025-05-06 17:50:53,728 basehttp 62612 60244 "GET /admin/django_celery_results/groupresult/ HTTP/1.1" 200 15096
INFO 2025-05-06 17:50:53,803 basehttp 62612 60244 "GET /admin/jsi18n/ HTTP/1.1" 200 3342
INFO 2025-05-06 17:50:53,818 basehttp 62612 60244 "GET /static/admin/img/icon-viewlink.svg HTTP/1.1" 200 581
INFO 2025-05-06 17:50:54,816 basehttp 62612 60244 "GET /admin/django_celery_results/taskresult/ HTTP/1.1" 200 15811
INFO 2025-05-06 17:50:54,862 basehttp 62612 60244 "GET /admin/jsi18n/ HTTP/1.1" 200 3342
INFO 2025-05-06 17:50:55,664 basehttp 62612 60244 "GET /admin/comments/comment/ HTTP/1.1" 200 18954
INFO 2025-05-06 17:50:55,711 basehttp 62612 60244 "GET /admin/jsi18n/ HTTP/1.1" 200 3342
INFO 2025-05-06 17:50:56,718 basehttp 62612 60244 "GET /admin/feeds/petfeed/ HTTP/1.1" 200 15355
INFO 2025-05-06 17:50:56,761 basehttp 62612 60244 "GET /admin/jsi18n/ HTTP/1.1" 200 3342
INFO 2025-05-06 17:50:57,609 basehttp 62612 60244 "GET /admin/feeds/userfeed/ HTTP/1.1" 200 15031
INFO 2025-05-06 17:50:57,655 basehttp 62612 60244 "GET /admin/jsi18n/ HTTP/1.1" 200 3342
INFO 2025-05-06 17:50:58,235 basehttp 62612 60244 "GET /admin/feeds/feed/ HTTP/1.1" 200 14825
INFO 2025-05-06 17:50:58,297 basehttp 62612 60244 "GET /admin/jsi18n/ HTTP/1.1" 200 3342
INFO 2025-05-06 17:50:59,440 basehttp 62612 60244 "GET /admin/ HTTP/1.1" 200 13777
INFO 2025-05-06 17:51:22,544 basehttp 62612 60244 "GET /admin/comments/comment/ HTTP/1.1" 200 18954
INFO 2025-05-06 17:51:22,598 basehttp 62612 60244 "GET /admin/jsi18n/ HTTP/1.1" 200 3342
INFO 2025-05-06 17:51:24,889 basehttp 62612 60244 "GET /admin/ HTTP/1.1" 200 13777
INFO 2025-05-06 17:51:26,533 basehttp 62612 60244 "GET /admin/django_celery_results/groupresult/ HTTP/1.1" 200 15096
INFO 2025-05-06 17:51:26,586 basehttp 62612 60244 "GET /admin/jsi18n/ HTTP/1.1" 200 3342
INFO 2025-05-06 17:51:28,463 basehttp 62612 60244 "GET /admin/django_celery_results/taskresult/ HTTP/1.1" 200 15811
INFO 2025-05-06 17:51:28,509 basehttp 62612 60244 "GET /admin/jsi18n/ HTTP/1.1" 200 3342
INFO 2025-05-06 17:51:32,157 basehttp 62612 60244 "GET /admin/comments/comment/ HTTP/1.1" 200 18954
INFO 2025-05-06 17:51:32,200 basehttp 62612 60244 "GET /admin/jsi18n/ HTTP/1.1" 200 3342
INFO 2025-05-06 17:51:42,036 basehttp 62612 60244 "GET /admin/feeds/petfeed/ HTTP/1.1" 200 15355
INFO 2025-05-06 17:51:42,080 basehttp 62612 60244 "GET /admin/jsi18n/ HTTP/1.1" 200 3342
INFO 2025-05-06 17:51:42,769 basehttp 62612 60244 "GET /admin/feeds/userfeed/ HTTP/1.1" 200 15031
INFO 2025-05-06 17:51:42,823 basehttp 62612 60244 "GET /admin/jsi18n/ HTTP/1.1" 200 3342
INFO 2025-05-06 17:51:53,518 basehttp 62612 60244 "GET /admin/interactions/userinteraction/ HTTP/1.1" 200 19315
INFO 2025-05-06 17:51:53,563 basehttp 62612 60244 "GET /admin/jsi18n/ HTTP/1.1" 200 3342
INFO 2025-05-06 17:54:34,860 autoreload 62612 57416 C:\Users\leo\grad-test\backend\accounts\admin.py changed, reloading.
INFO 2025-05-06 17:54:36,921 autoreload 59172 20828 Watching for file changes with StatReloader
INFO 2025-05-06 17:54:57,506 autoreload 59172 20828 C:\Users\leo\grad-test\backend\pets\admin.py changed, reloading.
INFO 2025-05-06 17:54:59,426 autoreload 60140 70952 Watching for file changes with StatReloader
INFO 2025-05-06 17:55:09,242 autoreload 60140 70952 C:\Users\leo\grad-test\backend\social\admin.py changed, reloading.
INFO 2025-05-06 17:55:11,210 autoreload 46684 70472 Watching for file changes with StatReloader
INFO 2025-05-06 17:55:21,926 autoreload 46684 70472 C:\Users\leo\grad-test\backend\media\admin.py changed, reloading.
INFO 2025-05-06 17:55:23,821 autoreload 63784 65800 Watching for file changes with StatReloader
INFO 2025-05-06 18:13:22,002 autoreload 64136 67724 Watching for file changes with StatReloader
INFO 2025-05-06 18:13:38,580 basehttp 64136 24124 "GET /admin/ HTTP/1.1" 200 32250
INFO 2025-05-06 18:13:43,624 basehttp 64136 24124 "GET /admin/accounts/customuser/ HTTP/1.1" 200 31757
INFO 2025-05-06 18:13:43,681 basehttp 64136 24124 "GET /admin/jsi18n/ HTTP/1.1" 200 3342
INFO 2025-05-06 18:13:43,760 basehttp 64136 62004 "GET /static/admin/img/icon-yes.svg HTTP/1.1" 200 436
INFO 2025-05-06 18:13:47,119 basehttp 64136 62004 "GET /admin/ HTTP/1.1" 200 32250
INFO 2025-05-22 00:19:23,997 autoreload 34320 22652 Watching for file changes with StatReloader
INFO 2025-05-22 00:23:16,488 basehttp 34320 45336 "OPTIONS /api/v1/accounts/register/ HTTP/1.1" 200 0
INFO 2025-05-22 00:23:44,621 basehttp 34320 45336 "OPTIONS /api/v1/accounts/register/ HTTP/1.1" 200 0
INFO 2025-05-22 00:25:45,221 autoreload 34320 22652 C:\Users\leo\gradProject\backend\gradProject\settings.py changed, reloading.
INFO 2025-05-22 00:25:47,024 autoreload 46900 24524 Watching for file changes with StatReloader
INFO 2025-05-22 00:26:20,328 autoreload 27016 45620 Watching for file changes with StatReloader
INFO 2025-05-22 00:26:31,814 basehttp 27016 9968 "OPTIONS /api/v1/accounts/register/ HTTP/1.1" 200 0
INFO 2025-05-22 00:26:32,212 basehttp 27016 9968 "POST /api/v1/accounts/register/ HTTP/1.1" 201 611
INFO 2025-05-22 00:28:18,224 basehttp 27016 9968 "OPTIONS /api/v1/accounts/token/ HTTP/1.1" 200 0
INFO 2025-05-22 00:28:18,617 basehttp 27016 9968 "POST /api/v1/accounts/token/ HTTP/1.1" 200 571
INFO 2025-05-22 00:54:25,253 autoreload 36312 16728 Watching for file changes with StatReloader
INFO 2025-05-22 00:55:12,495 basehttp 36312 2584 "POST /api/v1/accounts/token/ HTTP/1.1" 200 571
INFO 2025-05-22 00:55:38,307 basehttp 36312 2584 "POST /api/v1/accounts/token/ HTTP/1.1" 200 571
INFO 2025-05-22 01:19:19,413 basehttp 36312 4012 "POST /api/v1/accounts/token/ HTTP/1.1" 200 571
INFO 2025-05-22 01:22:22,217 basehttp 36312 4012 "POST /api/v1/accounts/token/ HTTP/1.1" 200 571
INFO 2025-05-22 01:26:59,541 basehttp 36312 4012 "POST /api/v1/accounts/token/ HTTP/1.1" 200 571
WARNING 2025-05-22 01:27:12,009 basehttp 36312 4012 "POST /api/v1/accounts/token/ HTTP/1.1" 400 147
WARNING 2025-05-22 01:31:41,056 basehttp 36312 4012 "POST /api/v1/accounts/token/ HTTP/1.1" 400 147
WARNING 2025-05-22 01:31:49,353 basehttp 36312 4012 "POST /api/v1/accounts/token/ HTTP/1.1" 400 147
WARNING 2025-05-22 01:36:24,753 basehttp 36312 4012 "POST /api/v1/accounts/token/ HTTP/1.1" 400 147
WARNING 2025-05-22 01:36:30,472 basehttp 36312 4012 "POST /api/v1/accounts/token/ HTTP/1.1" 400 147
INFO 2025-05-22 01:41:29,805 basehttp 36312 4012 "POST /api/v1/accounts/token/ HTTP/1.1" 200 571
INFO 2025-05-22 01:49:04,705 autoreload 36312 16728 C:\Users\leo\gradProject\backend\accounts\api.py changed, reloading.
INFO 2025-05-22 01:49:07,711 autoreload 41844 39624 Watching for file changes with StatReloader
INFO 2025-05-22 01:49:23,576 autoreload 41844 39624 C:\Users\leo\gradProject\backend\accounts\urls.py changed, reloading.
INFO 2025-05-22 01:49:25,576 autoreload 46872 42676 Watching for file changes with StatReloader
INFO 2025-05-22 01:55:42,185 autoreload 46872 42676 C:\Users\leo\gradProject\backend\accounts\urls.py changed, reloading.
INFO 2025-05-22 01:55:44,373 autoreload 44660 28332 Watching for file changes with StatReloader
INFO 2025-05-22 01:58:24,289 autoreload 44660 28332 C:\Users\leo\gradProject\backend\accounts\views.py changed, reloading.
INFO 2025-05-22 01:58:26,287 autoreload 45876 42284 Watching for file changes with StatReloader
INFO 2025-05-22 01:58:37,756 autoreload 45876 42284 C:\Users\leo\gradProject\backend\accounts\urls.py changed, reloading.
INFO 2025-05-22 01:58:39,767 autoreload 30768 35580 Watching for file changes with StatReloader
INFO 2025-05-22 02:00:31,090 basehttp 30768 16164 "OPTIONS /api/v1/accounts/check/account/ HTTP/1.1" 200 0
INFO 2025-05-22 02:00:31,126 basehttp 30768 16164 "POST /api/v1/accounts/check/account/ HTTP/1.1" 200 81
INFO 2025-05-22 02:00:37,389 basehttp 30768 16164 "POST /api/v1/accounts/check/account/ HTTP/1.1" 200 82
INFO 2025-05-22 02:00:40,296 basehttp 30768 16164 "OPTIONS /api/v1/accounts/check/email/ HTTP/1.1" 200 0
INFO 2025-05-22 02:00:40,306 basehttp 30768 16164 "POST /api/v1/accounts/check/email/ HTTP/1.1" 200 87
INFO 2025-05-22 02:01:41,587 basehttp 30768 16164 "POST /api/v1/accounts/token/ HTTP/1.1" 200 571
INFO 2025-05-22 02:02:15,437 basehttp 30768 16164 "POST /api/v1/accounts/check/account/ HTTP/1.1" 200 81
INFO 2025-05-22 02:02:48,218 basehttp 30768 16164 "POST /api/v1/accounts/check/account/ HTTP/1.1" 200 81
INFO 2025-05-22 02:03:21,021 basehttp 30768 16164 "POST /api/v1/accounts/check/account/ HTTP/1.1" 200 81
INFO 2025-05-22 02:04:16,935 basehttp 30768 16164 "POST /api/v1/accounts/check/account/ HTTP/1.1" 200 81
WARNING 2025-05-22 02:04:43,936 basehttp 30768 16164 "POST /api/v1/accounts/token/ HTTP/1.1" 400 147
INFO 2025-05-22 02:04:53,965 basehttp 30768 16164 "POST /api/v1/accounts/token/ HTTP/1.1" 200 571
INFO 2025-05-22 02:18:58,521 basehttp 30768 4512 "POST /api/v1/accounts/check/account/ HTTP/1.1" 200 82
INFO 2025-05-22 02:19:01,466 basehttp 30768 4512 "POST /api/v1/accounts/check/email/ HTTP/1.1" 200 87
INFO 2025-05-22 02:19:04,431 basehttp 30768 4512 "POST /api/v1/accounts/check/email/ HTTP/1.1" 200 87
INFO 2025-05-22 02:19:10,387 basehttp 30768 4512 "POST /api/v1/accounts/check/email/ HTTP/1.1" 200 88
INFO 2025-05-22 02:19:21,415 basehttp 30768 4512 "OPTIONS /api/v1/accounts/check/password/ HTTP/1.1" 200 0
INFO 2025-05-22 02:19:21,418 basehttp 30768 4512 "POST /api/v1/accounts/check/password/ HTTP/1.1" 200 82
INFO 2025-05-22 02:19:22,233 basehttp 30768 4512 "POST /api/v1/accounts/register/ HTTP/1.1" 201 606
INFO 2025-05-22 03:26:07,215 basehttp 30768 46868 "POST /api/v1/accounts/check/account/ HTTP/1.1" 200 81
INFO 2025-05-22 03:26:15,538 basehttp 30768 46868 "POST /api/v1/accounts/check/account/ HTTP/1.1" 200 82
INFO 2025-05-22 03:26:21,426 basehttp 30768 46868 "POST /api/v1/accounts/check/email/ HTTP/1.1" 200 88
INFO 2025-05-22 03:26:28,587 basehttp 30768 46868 "POST /api/v1/accounts/check/account/ HTTP/1.1" 200 82
INFO 2025-05-22 03:26:29,479 basehttp 30768 46868 "POST /api/v1/accounts/check/email/ HTTP/1.1" 200 88
INFO 2025-05-22 03:26:31,188 basehttp 30768 46868 "POST /api/v1/accounts/check/email/ HTTP/1.1" 200 88
INFO 2025-05-22 03:26:45,349 basehttp 30768 46868 "POST /api/v1/accounts/check/account/ HTTP/1.1" 200 82
INFO 2025-05-22 03:26:46,258 basehttp 30768 46868 "POST /api/v1/accounts/check/email/ HTTP/1.1" 200 88
INFO 2025-05-22 03:27:30,794 basehttp 30768 46868 "OPTIONS /api/v1/accounts/token/ HTTP/1.1" 200 0
INFO 2025-05-22 03:27:31,728 basehttp 30768 46868 "POST /api/v1/accounts/token/ HTTP/1.1" 200 571
INFO 2025-05-22 11:09:54,900 autoreload 48968 23904 Watching for file changes with StatReloader
INFO 2025-05-22 11:28:24,483 basehttp 48968 27288 "OPTIONS /api/plans/ HTTP/1.1" 200 0
INFO 2025-05-22 11:28:24,483 basehttp 48968 16192 "OPTIONS /api/plans/ HTTP/1.1" 200 0
WARNING 2025-05-22 11:28:24,503 basehttp 48968 16192 "GET /api/plans/ HTTP/1.1" 404 3865
WARNING 2025-05-22 11:28:24,512 basehttp 48968 27288 "GET /api/plans/ HTTP/1.1" 404 3865
INFO 2025-05-22 11:31:55,300 basehttp 48968 27288 "OPTIONS /api/v1/accounts/plans/today/ HTTP/1.1" 200 0
INFO 2025-05-22 11:31:55,300 basehttp 48968 16192 "OPTIONS /api/v1/accounts/plans/today/ HTTP/1.1" 200 0
WARNING 2025-05-22 11:31:55,358 basehttp 48968 16192 "GET /api/v1/accounts/plans/today/ HTTP/1.1" 401 61
WARNING 2025-05-22 11:31:55,358 basehttp 48968 27288 "GET /api/v1/accounts/plans/today/ HTTP/1.1" 401 61
INFO 2025-05-22 11:32:18,852 autoreload 48968 23904 C:\Users\leo\gradProject\backend\accounts\views.py changed, reloading.
INFO 2025-05-22 11:32:20,970 autoreload 20420 26532 Watching for file changes with StatReloader
INFO 2025-05-22 11:32:34,347 autoreload 20420 26532 C:\Users\leo\gradProject\backend\accounts\urls.py changed, reloading.
INFO 2025-05-22 11:32:35,735 autoreload 47916 47792 Watching for file changes with StatReloader
WARNING 2025-05-22 11:33:36,182 basehttp 47916 9156 "GET /api/v1/accounts/plans/today/ HTTP/1.1" 401 61
WARNING 2025-05-22 11:33:36,191 basehttp 47916 9156 "GET /api/v1/accounts/plans/today/ HTTP/1.1" 401 61
WARNING 2025-05-22 11:33:38,013 basehttp 47916 9156 "GET /api/v1/accounts/plans/today/ HTTP/1.1" 401 61
WARNING 2025-05-22 11:33:38,018 basehttp 47916 9156 "GET /api/v1/accounts/plans/today/ HTTP/1.1" 401 61
WARNING 2025-05-22 11:39:11,424 basehttp 47916 43504 "GET /api/v1/accounts/plans/today/ HTTP/1.1" 401 61
WARNING 2025-05-22 11:39:11,432 basehttp 47916 43504 "GET /api/v1/accounts/plans/today/ HTTP/1.1" 401 61
INFO 2025-05-22 11:39:31,182 autoreload 47916 47792 C:\Users\leo\gradProject\backend\accounts\views.py changed, reloading.
INFO 2025-05-22 11:39:33,009 autoreload 48896 51920 Watching for file changes with StatReloader
WARNING 2025-05-22 11:39:44,813 basehttp 48896 9476 "GET /api/v1/accounts/plans/today/ HTTP/1.1" 401 61
WARNING 2025-05-22 11:39:44,816 basehttp 48896 9476 "GET /api/v1/accounts/plans/today/ HTTP/1.1" 401 61
WARNING 2025-05-22 11:39:45,551 basehttp 48896 9476 "GET /api/v1/accounts/plans/today/ HTTP/1.1" 401 61
WARNING 2025-05-22 11:39:45,557 basehttp 48896 9476 "GET /api/v1/accounts/plans/today/ HTTP/1.1" 401 61
INFO 2025-05-22 11:42:59,402 basehttp 48896 9476 "OPTIONS /api/v1/accounts/token/ HTTP/1.1" 200 0
INFO 2025-05-22 11:42:59,800 basehttp 48896 9476 "POST /api/v1/accounts/token/ HTTP/1.1" 200 571
INFO 2025-05-22 11:42:59,838 basehttp 48896 9476 "GET /api/v1/accounts/plans/today/ HTTP/1.1" 200 62
INFO 2025-05-22 11:42:59,847 basehttp 48896 9476 "GET /api/v1/accounts/plans/today/ HTTP/1.1" 200 62
INFO 2025-05-22 11:43:18,747 basehttp 48896 9476 "OPTIONS /api/v1/accounts/plans/create/ HTTP/1.1" 200 0
INFO 2025-05-22 11:43:18,760 basehttp 48896 9476 "POST /api/v1/accounts/plans/create/ HTTP/1.1" 201 159
INFO 2025-05-22 11:43:18,770 basehttp 48896 9476 "GET /api/v1/accounts/plans/today/ HTTP/1.1" 200 155
INFO 2025-05-22 11:51:00,265 basehttp 48896 19104 "GET /api/v1/accounts/plans/today/ HTTP/1.1" 200 155
INFO 2025-05-22 11:51:00,277 basehttp 48896 19104 "GET /api/v1/accounts/plans/today/ HTTP/1.1" 200 155
INFO 2025-05-22 11:51:22,752 basehttp 48896 19104 "OPTIONS /api/v1/accounts/plans/today/ HTTP/1.1" 200 0
INFO 2025-05-22 11:51:22,752 basehttp 48896 34940 "OPTIONS /api/v1/accounts/plans/today/ HTTP/1.1" 200 0
INFO 2025-05-22 11:51:22,777 basehttp 48896 19104 "GET /api/v1/accounts/plans/today/ HTTP/1.1" 200 155
INFO 2025-05-22 11:51:22,777 basehttp 48896 34940 "GET /api/v1/accounts/plans/today/ HTTP/1.1" 200 155
INFO 2025-05-22 12:06:05,321 basehttp 48896 24904 "GET /api/v1/accounts/plans/today/ HTTP/1.1" 200 155
INFO 2025-05-22 12:06:05,328 basehttp 48896 24904 "GET /api/v1/accounts/plans/today/ HTTP/1.1" 200 155
INFO 2025-05-22 12:11:44,103 basehttp 48896 13768 "POST /api/v1/accounts/token/ HTTP/1.1" 200 571
INFO 2025-05-22 12:11:44,160 basehttp 48896 13768 "GET /api/v1/accounts/plans/today/ HTTP/1.1" 200 155
INFO 2025-05-22 12:11:44,176 basehttp 48896 49044 "GET /api/v1/accounts/plans/today/ HTTP/1.1" 200 155
INFO 2025-05-22 12:20:57,813 basehttp 48896 22412 "POST /api/v1/accounts/token/ HTTP/1.1" 200 571
INFO 2025-05-22 12:20:57,880 basehttp 48896 22412 "GET /api/v1/accounts/plans/today/ HTTP/1.1" 200 155
INFO 2025-05-22 12:20:57,890 basehttp 48896 41716 "GET /api/v1/accounts/plans/today/ HTTP/1.1" 200 155
INFO 2025-05-22 12:43:27,700 basehttp 48896 44704 "POST /api/v1/accounts/token/ HTTP/1.1" 200 571
INFO 2025-05-22 12:43:27,747 basehttp 48896 44704 "GET /api/v1/accounts/plans/today/ HTTP/1.1" 200 155
INFO 2025-05-22 12:43:27,758 basehttp 48896 47656 "GET /api/v1/accounts/plans/today/ HTTP/1.1" 200 155
INFO 2025-05-22 12:44:03,002 basehttp 48896 47656 "OPTIONS /api/v1/accounts/plans/1/complete/ HTTP/1.1" 200 0
INFO 2025-05-22 12:44:03,046 basehttp 48896 47656 "PATCH /api/v1/accounts/plans/1/complete/ HTTP/1.1" 200 164
INFO 2025-05-22 12:44:03,066 basehttp 48896 47656 "GET /api/v1/accounts/plans/today/ HTTP/1.1" 200 154
INFO 2025-05-22 12:44:21,451 basehttp 48896 47656 "GET /api/v1/accounts/plans/today/ HTTP/1.1" 200 154
INFO 2025-05-22 12:44:21,460 basehttp 48896 44704 "GET /api/v1/accounts/plans/today/ HTTP/1.1" 200 154
INFO 2025-05-22 12:44:23,662 basehttp 48896 44704 "GET /api/v1/accounts/plans/today/ HTTP/1.1" 200 154
INFO 2025-05-22 12:44:23,669 basehttp 48896 47656 "GET /api/v1/accounts/plans/today/ HTTP/1.1" 200 154
INFO 2025-05-22 12:44:25,127 basehttp 48896 47656 "GET /api/v1/accounts/plans/today/ HTTP/1.1" 200 154
INFO 2025-05-22 12:44:25,135 basehttp 48896 44704 "GET /api/v1/accounts/plans/today/ HTTP/1.1" 200 154
INFO 2025-05-22 12:44:26,451 basehttp 48896 44704 "GET /api/v1/accounts/plans/today/ HTTP/1.1" 200 154
INFO 2025-05-22 12:44:26,458 basehttp 48896 47656 "GET /api/v1/accounts/plans/today/ HTTP/1.1" 200 154
INFO 2025-05-22 12:44:27,703 basehttp 48896 47656 "GET /api/v1/accounts/plans/today/ HTTP/1.1" 200 154
INFO 2025-05-22 12:44:27,712 basehttp 48896 44704 "GET /api/v1/accounts/plans/today/ HTTP/1.1" 200 154
INFO 2025-05-22 12:45:37,562 basehttp 48896 44704 "OPTIONS /api/v1/accounts/plans/1/ HTTP/1.1" 200 0
INFO 2025-05-22 12:45:37,577 basehttp 48896 44704 "DELETE /api/v1/accounts/plans/1/ HTTP/1.1" 200 61
INFO 2025-05-22 12:45:37,588 basehttp 48896 44704 "GET /api/v1/accounts/plans/today/ HTTP/1.1" 200 62
INFO 2025-05-22 12:57:34,674 basehttp 48896 24748 "POST /api/v1/accounts/token/ HTTP/1.1" 200 571
INFO 2025-05-22 12:57:34,725 basehttp 48896 24748 "GET /api/v1/accounts/plans/today/ HTTP/1.1" 200 62
INFO 2025-05-22 12:57:34,734 basehttp 48896 44768 "GET /api/v1/accounts/plans/today/ HTTP/1.1" 200 62
WARNING 2025-05-22 13:15:58,048 basehttp 48896 29824 "POST /api/v1/accounts/token/ HTTP/1.1" 400 147
WARNING 2025-05-22 13:16:05,539 basehttp 48896 29824 "POST /api/v1/accounts/token/ HTTP/1.1" 400 147
WARNING 2025-05-22 13:16:28,043 basehttp 48896 29824 "POST /api/v1/accounts/token/ HTTP/1.1" 400 147
WARNING 2025-05-22 13:16:54,754 basehttp 48896 29824 "POST /api/v1/accounts/token/ HTTP/1.1" 400 147
INFO 2025-05-22 13:19:47,296 basehttp 48896 28664 "POST /api/v1/accounts/token/ HTTP/1.1" 200 571
INFO 2025-05-22 13:19:47,352 basehttp 48896 28664 "GET /api/v1/accounts/plans/today/ HTTP/1.1" 200 62
INFO 2025-05-22 13:19:47,363 basehttp 48896 5516 "GET /api/v1/accounts/plans/today/ HTTP/1.1" 200 62
INFO 2025-05-22 13:38:36,786 basehttp 48896 45732 "OPTIONS /api/v1/accounts/check/account/ HTTP/1.1" 200 0
INFO 2025-05-22 13:38:36,822 basehttp 48896 45732 "POST /api/v1/accounts/check/account/ HTTP/1.1" 200 82
INFO 2025-05-22 13:38:43,841 basehttp 48896 45732 "OPTIONS /api/v1/accounts/check/email/ HTTP/1.1" 200 0
INFO 2025-05-22 13:38:43,861 basehttp 48896 45732 "POST /api/v1/accounts/check/email/ HTTP/1.1" 200 87
INFO 2025-05-22 13:38:49,168 basehttp 48896 45732 "POST /api/v1/accounts/check/email/ HTTP/1.1" 200 88
INFO 2025-05-22 13:39:07,549 basehttp 48896 45732 "OPTIONS /api/v1/accounts/check/password/ HTTP/1.1" 200 0
INFO 2025-05-22 13:39:07,553 basehttp 48896 45732 "POST /api/v1/accounts/check/password/ HTTP/1.1" 200 82
INFO 2025-05-22 13:39:07,559 basehttp 48896 45732 "OPTIONS /api/v1/accounts/register/ HTTP/1.1" 200 0
INFO 2025-05-22 13:39:08,913 basehttp 48896 45732 "POST /api/v1/accounts/register/ HTTP/1.1" 201 612
INFO 2025-05-22 13:39:08,970 basehttp 48896 45732 "GET /api/v1/accounts/plans/today/ HTTP/1.1" 200 62
INFO 2025-05-22 13:39:08,982 basehttp 48896 52068 "GET /api/v1/accounts/plans/today/ HTTP/1.1" 200 62
INFO 2025-05-22 13:47:10,664 basehttp 48896 1140 "GET /api/v1/accounts/plans/today/ HTTP/1.1" 200 62
INFO 2025-05-22 13:47:10,676 basehttp 48896 1140 "GET /api/v1/accounts/plans/today/ HTTP/1.1" 200 62
INFO 2025-05-22 13:47:11,357 basehttp 48896 1140 "GET /api/v1/accounts/plans/today/ HTTP/1.1" 200 62
INFO 2025-05-22 13:47:11,368 basehttp 48896 51928 "GET /api/v1/accounts/plans/today/ HTTP/1.1" 200 62
INFO 2025-05-22 21:09:06,808 autoreload 41736 22860 Watching for file changes with StatReloader
INFO 2025-05-22 21:09:49,268 basehttp 41736 4412 "OPTIONS /api/v1/accounts/check/account/ HTTP/1.1" 200 0
INFO 2025-05-22 21:09:49,312 basehttp 41736 4412 "POST /api/v1/accounts/check/account/ HTTP/1.1" 200 82
INFO 2025-05-22 21:13:40,118 basehttp 41736 51436 "OPTIONS /api/v1/accounts/token/ HTTP/1.1" 200 0
INFO 2025-05-22 21:13:41,148 basehttp 41736 51436 "POST /api/v1/accounts/token/ HTTP/1.1" 200 571
INFO 2025-05-22 21:13:41,209 basehttp 41736 51436 "OPTIONS /api/v1/accounts/plans/today/ HTTP/1.1" 200 0
INFO 2025-05-22 21:13:41,210 basehttp 41736 49880 "OPTIONS /api/v1/accounts/plans/today/ HTTP/1.1" 200 0
INFO 2025-05-22 21:13:41,230 basehttp 41736 49880 "GET /api/v1/accounts/plans/today/ HTTP/1.1" 200 62
INFO 2025-05-22 21:13:41,240 basehttp 41736 51436 "GET /api/v1/accounts/plans/today/ HTTP/1.1" 200 62
INFO 2025-05-22 21:31:11,001 autoreload 41736 22860 C:\Users\leo\gradProject\backend\accounts\models.py changed, reloading.
INFO 2025-05-22 21:31:13,782 autoreload 46684 33536 Watching for file changes with StatReloader
INFO 2025-05-22 21:31:36,890 autoreload 46684 33536 C:\Users\leo\gradProject\backend\accounts\views.py changed, reloading.
INFO 2025-05-22 21:31:38,739 autoreload 45268 49540 Watching for file changes with StatReloader
INFO 2025-05-22 21:31:52,707 autoreload 45268 49540 C:\Users\leo\gradProject\backend\accounts\urls.py changed, reloading.
INFO 2025-05-22 21:31:54,880 autoreload 42608 32808 Watching for file changes with StatReloader
ERROR 2025-05-22 21:33:43,640 basehttp 42608 51104 "GET /api/v1/accounts/plans/today/ HTTP/1.1" 500 64
INFO 2025-05-22 21:34:33,253 autoreload 42608 32808 C:\Users\leo\gradProject\backend\accounts\models.py changed, reloading.
INFO 2025-05-22 21:34:35,345 autoreload 38476 15160 Watching for file changes with StatReloader
INFO 2025-05-22 21:34:46,175 autoreload 38476 15160 C:\Users\leo\gradProject\backend\accounts\views.py changed, reloading.
INFO 2025-05-22 21:34:48,089 autoreload 7960 37860 Watching for file changes with StatReloader
INFO 2025-05-22 21:38:20,475 autoreload 47332 16968 Watching for file changes with StatReloader
INFO 2025-05-22 21:38:37,617 basehttp 47332 27692 "POST /api/v1/accounts/token/ HTTP/1.1" 200 571
INFO 2025-05-22 21:38:37,650 basehttp 47332 27692 "GET /api/v1/accounts/plans/today/ HTTP/1.1" 200 62
INFO 2025-05-22 21:38:37,659 basehttp 47332 30916 "GET /api/v1/accounts/plans/today/ HTTP/1.1" 200 62
INFO 2025-05-22 21:54:20,418 basehttp 47332 25564 "OPTIONS /api/v1/accounts/plans/create/ HTTP/1.1" 200 0
INFO 2025-05-22 21:54:20,435 basehttp 47332 25564 "POST /api/v1/accounts/plans/create/ HTTP/1.1" 201 201
INFO 2025-05-22 21:54:20,446 basehttp 47332 25564 "GET /api/v1/accounts/plans/today/ HTTP/1.1" 200 197
INFO 2025-05-22 22:09:33,631 autoreload 47332 16968 C:\Users\leo\gradProject\backend\accounts\views.py changed, reloading.
INFO 2025-05-22 22:09:35,088 autoreload 13416 43200 Watching for file changes with StatReloader
INFO 2025-05-22 22:11:13,616 basehttp 13416 12044 "POST /api/v1/accounts/token/ HTTP/1.1" 200 571
INFO 2025-05-22 22:11:13,646 basehttp 13416 12044 "GET /api/v1/accounts/plans/today/ HTTP/1.1" 200 197
INFO 2025-05-22 22:11:13,656 basehttp 13416 50428 "GET /api/v1/accounts/plans/today/ HTTP/1.1" 200 197
INFO 2025-05-22 22:11:16,687 basehttp 13416 50428 "GET /api/v1/accounts/plans/today/ HTTP/1.1" 200 197
INFO 2025-05-22 22:11:16,695 basehttp 13416 12044 "GET /api/v1/accounts/plans/today/ HTTP/1.1" 200 197
INFO 2025-05-22 22:11:19,345 basehttp 13416 50428 "OPTIONS /api/v1/accounts/plans/today/ HTTP/1.1" 200 0
INFO 2025-05-22 22:11:19,345 basehttp 13416 12044 "OPTIONS /api/v1/accounts/plans/today/ HTTP/1.1" 200 0
INFO 2025-05-22 22:11:19,362 basehttp 13416 50428 "GET /api/v1/accounts/plans/today/ HTTP/1.1" 200 197
INFO 2025-05-22 22:11:19,363 basehttp 13416 12044 "GET /api/v1/accounts/plans/today/ HTTP/1.1" 200 197
INFO 2025-05-22 22:11:21,621 basehttp 13416 12044 "OPTIONS /api/v1/accounts/plans/today/ HTTP/1.1" 200 0
INFO 2025-05-22 22:11:21,621 basehttp 13416 50428 "OPTIONS /api/v1/accounts/plans/today/ HTTP/1.1" 200 0
INFO 2025-05-22 22:11:21,633 basehttp 13416 50428 "GET /api/v1/accounts/plans/today/ HTTP/1.1" 200 197
INFO 2025-05-22 22:11:21,635 basehttp 13416 12044 "GET /api/v1/accounts/plans/today/ HTTP/1.1" 200 197
INFO 2025-05-22 22:11:41,541 basehttp 13416 12044 "GET /api/v1/accounts/plans/today/ HTTP/1.1" 200 197
INFO 2025-05-22 22:11:41,548 basehttp 13416 50428 "GET /api/v1/accounts/plans/today/ HTTP/1.1" 200 197
INFO 2025-05-22 22:12:11,547 basehttp 13416 50428 "GET /api/v1/accounts/plans/today/ HTTP/1.1" 200 197
INFO 2025-05-22 22:12:11,558 basehttp 13416 12044 "GET /api/v1/accounts/plans/today/ HTTP/1.1" 200 197
INFO 2025-05-22 22:12:17,295 basehttp 13416 12044 "OPTIONS /api/v1/accounts/plans/today/ HTTP/1.1" 200 0
INFO 2025-05-22 22:12:17,295 basehttp 13416 50428 "OPTIONS /api/v1/accounts/plans/today/ HTTP/1.1" 200 0
INFO 2025-05-22 22:12:17,312 basehttp 13416 50428 "GET /api/v1/accounts/plans/today/ HTTP/1.1" 200 197
INFO 2025-05-22 22:12:17,312 basehttp 13416 12044 "GET /api/v1/accounts/plans/today/ HTTP/1.1" 200 197
INFO 2025-05-22 22:12:19,112 basehttp 13416 50428 "OPTIONS /api/v1/accounts/plans/today/ HTTP/1.1" 200 0
INFO 2025-05-22 22:12:19,112 basehttp 13416 12044 "OPTIONS /api/v1/accounts/plans/today/ HTTP/1.1" 200 0
INFO 2025-05-22 22:12:19,130 basehttp 13416 50428 "GET /api/v1/accounts/plans/today/ HTTP/1.1" 200 197
INFO 2025-05-22 22:12:19,131 basehttp 13416 12044 "GET /api/v1/accounts/plans/today/ HTTP/1.1" 200 197
INFO 2025-05-22 22:12:51,945 basehttp 13416 49604 "OPTIONS /api/v1/accounts/token/ HTTP/1.1" 200 0
INFO 2025-05-22 22:12:52,301 basehttp 13416 49604 "POST /api/v1/accounts/token/ HTTP/1.1" 200 571
INFO 2025-05-22 22:12:52,375 basehttp 13416 49604 "OPTIONS /api/v1/accounts/plans/today/ HTTP/1.1" 200 0
INFO 2025-05-22 22:12:52,376 basehttp 13416 18156 "OPTIONS /api/v1/accounts/plans/today/ HTTP/1.1" 200 0
INFO 2025-05-22 22:12:52,395 basehttp 13416 49604 "GET /api/v1/accounts/plans/today/ HTTP/1.1" 200 197
INFO 2025-05-22 22:12:52,406 basehttp 13416 18156 "GET /api/v1/accounts/plans/today/ HTTP/1.1" 200 197
INFO 2025-05-22 22:12:58,574 basehttp 13416 18156 "OPTIONS /api/v1/accounts/plans/1/ HTTP/1.1" 200 0
INFO 2025-05-22 22:12:58,587 basehttp 13416 18156 "DELETE /api/v1/accounts/plans/1/ HTTP/1.1" 200 61
INFO 2025-05-22 22:12:58,597 basehttp 13416 18156 "GET /api/v1/accounts/plans/today/ HTTP/1.1" 200 62
INFO 2025-05-22 22:13:04,791 basehttp 13416 12044 "GET /api/v1/accounts/plans/today/ HTTP/1.1" 200 62
INFO 2025-05-22 22:13:04,800 basehttp 13416 50428 "GET /api/v1/accounts/plans/today/ HTTP/1.1" 200 62
INFO 2025-05-22 22:35:23,152 basehttp 13416 44400 "POST /api/v1/accounts/plans/create/ HTTP/1.1" 201 201
INFO 2025-05-22 22:35:23,166 basehttp 13416 44400 "GET /api/v1/accounts/plans/today/ HTTP/1.1" 200 197
INFO 2025-05-22 22:39:09,199 basehttp 13416 44400 "GET /api/v1/accounts/plans/today/ HTTP/1.1" 200 197
INFO 2025-05-22 22:39:09,209 basehttp 13416 44400 "GET /api/v1/accounts/plans/today/ HTTP/1.1" 200 197
INFO 2025-05-22 22:41:52,020 basehttp 13416 44400 "POST /api/v1/accounts/token/ HTTP/1.1" 200 571
INFO 2025-05-22 22:41:52,051 basehttp 13416 44400 "GET /api/v1/accounts/plans/today/ HTTP/1.1" 200 197
INFO 2025-05-22 22:41:52,059 basehttp 13416 44400 "GET /api/v1/accounts/plans/today/ HTTP/1.1" 200 197
INFO 2025-05-22 22:45:18,655 basehttp 13416 44400 "GET /api/v1/accounts/plans/today/ HTTP/1.1" 200 197
INFO 2025-05-22 22:45:18,664 basehttp 13416 44400 "GET /api/v1/accounts/plans/today/ HTTP/1.1" 200 197
INFO 2025-05-22 22:51:31,385 basehttp 13416 48320 "GET /api/v1/accounts/plans/today/ HTTP/1.1" 200 197
INFO 2025-05-22 22:51:31,394 basehttp 13416 48320 "GET /api/v1/accounts/plans/today/ HTTP/1.1" 200 197
INFO 2025-05-22 23:19:40,198 basehttp 13416 51328 "OPTIONS /api/v1/accounts/token/ HTTP/1.1" 200 0
INFO 2025-05-22 23:19:41,122 basehttp 13416 51328 "POST /api/v1/accounts/token/ HTTP/1.1" 200 571
INFO 2025-05-22 23:19:41,160 basehttp 13416 51328 "GET /api/v1/accounts/plans/today/ HTTP/1.1" 200 197
INFO 2025-05-22 23:19:41,171 basehttp 13416 51892 "GET /api/v1/accounts/plans/today/ HTTP/1.1" 200 197
INFO 2025-05-22 23:30:02,588 basehttp 13416 50240 "POST /api/v1/accounts/plans/create/ HTTP/1.1" 201 204
INFO 2025-05-22 23:30:02,610 basehttp 13416 50240 "GET /api/v1/accounts/plans/today/ HTTP/1.1" 200 336
INFO 2025-05-22 23:30:30,060 basehttp 13416 50240 "POST /api/v1/accounts/plans/create/ HTTP/1.1" 201 198
INFO 2025-05-22 23:30:30,074 basehttp 13416 50240 "GET /api/v1/accounts/plans/today/ HTTP/1.1" 200 469
INFO 2025-05-22 23:31:37,201 basehttp 13416 50240 "OPTIONS /api/v1/accounts/plans/3/complete/ HTTP/1.1" 200 0
INFO 2025-05-22 23:31:37,219 basehttp 13416 50240 "PATCH /api/v1/accounts/plans/3/complete/ HTTP/1.1" 200 209
INFO 2025-05-22 23:31:37,236 basehttp 13416 50240 "GET /api/v1/accounts/plans/today/ HTTP/1.1" 200 468
INFO 2025-05-22 23:32:36,705 basehttp 13416 50240 "OPTIONS /api/v1/accounts/plans/2/edit/ HTTP/1.1" 200 0
INFO 2025-05-22 23:32:36,726 basehttp 13416 50240 "PUT /api/v1/accounts/plans/2/edit/ HTTP/1.1" 200 201
INFO 2025-05-22 23:32:36,739 basehttp 13416 50240 "GET /api/v1/accounts/plans/today/ HTTP/1.1" 200 468
INFO 2025-05-22 23:34:05,377 basehttp 13416 50240 "PUT /api/v1/accounts/plans/2/edit/ HTTP/1.1" 200 201
INFO 2025-05-22 23:34:05,399 basehttp 13416 50240 "GET /api/v1/accounts/plans/today/ HTTP/1.1" 200 468
INFO 2025-05-23 00:54:37,748 basehttp 13416 40996 "POST /api/v1/accounts/token/ HTTP/1.1" 200 571
INFO 2025-05-23 00:54:37,778 basehttp 13416 40996 "OPTIONS /api/v1/accounts/plans/today/ HTTP/1.1" 200 0
INFO 2025-05-23 00:54:37,778 basehttp 13416 49416 "OPTIONS /api/v1/accounts/plans/today/ HTTP/1.1" 200 0
INFO 2025-05-23 00:54:37,807 basehttp 13416 49416 "GET /api/v1/accounts/plans/today/ HTTP/1.1" 200 62
INFO 2025-05-23 00:54:37,822 basehttp 13416 40996 "GET /api/v1/accounts/plans/today/ HTTP/1.1" 200 62
INFO 2025-05-23 01:03:56,773 basehttp 13416 48420 "GET /api/v1/accounts/plans/today/ HTTP/1.1" 200 62
INFO 2025-05-23 01:03:56,788 basehttp 13416 48420 "GET /api/v1/accounts/plans/today/ HTTP/1.1" 200 62
INFO 2025-05-23 01:05:08,354 basehttp 13416 48420 "GET /api/v1/accounts/plans/today/ HTTP/1.1" 200 62
INFO 2025-05-23 01:13:22,664 basehttp 13416 7580 "GET /api/v1/accounts/plans/today/ HTTP/1.1" 200 62
INFO 2025-05-23 01:13:31,926 basehttp 13416 7580 "OPTIONS /api/v1/accounts/plans/date/2025-05-22/ HTTP/1.1" 200 0
WARNING 2025-05-23 01:13:31,991 basehttp 13416 7580 "GET /api/v1/accounts/plans/date/2025-05-22/ HTTP/1.1" 404 10176
INFO 2025-05-23 01:13:35,488 basehttp 13416 7580 "OPTIONS /api/v1/accounts/plans/date/2025-05-24/ HTTP/1.1" 200 0
WARNING 2025-05-23 01:13:35,505 basehttp 13416 7580 "GET /api/v1/accounts/plans/date/2025-05-24/ HTTP/1.1" 404 10176
INFO 2025-05-23 01:13:39,790 basehttp 13416 7580 "GET /api/v1/accounts/plans/today/ HTTP/1.1" 200 62
WARNING 2025-05-23 01:13:44,119 basehttp 13416 7580 "GET /api/v1/accounts/plans/date/2025-05-22/ HTTP/1.1" 404 10176
INFO 2025-05-23 01:13:46,639 basehttp 13416 7580 "GET /api/v1/accounts/plans/today/ HTTP/1.1" 200 62
INFO 2025-05-23 01:14:05,088 basehttp 13416 7580 "GET /api/v1/accounts/plans/today/ HTTP/1.1" 200 62
INFO 2025-05-23 01:14:05,102 basehttp 13416 45748 "GET /api/v1/accounts/plans/today/ HTTP/1.1" 200 62
WARNING 2025-05-23 01:14:07,909 basehttp 13416 45748 "GET /api/v1/accounts/plans/date/2025-05-22/ HTTP/1.1" 404 10176
INFO 2025-05-23 01:17:31,653 autoreload 13416 43200 C:\Users\leo\gradProject\backend\accounts\views.py changed, reloading.
INFO 2025-05-23 01:17:34,602 autoreload 48088 11596 Watching for file changes with StatReloader
INFO 2025-05-23 01:17:47,896 autoreload 48088 11596 C:\Users\leo\gradProject\backend\accounts\urls.py changed, reloading.
INFO 2025-05-23 01:17:49,944 autoreload 20708 18156 Watching for file changes with StatReloader
INFO 2025-05-23 01:35:26,597 basehttp 20708 50968 "OPTIONS /api/v1/accounts/token/ HTTP/1.1" 200 0
INFO 2025-05-23 01:35:27,745 basehttp 20708 50968 "POST /api/v1/accounts/token/ HTTP/1.1" 200 571
INFO 2025-05-23 01:35:27,776 basehttp 20708 50968 "GET /api/v1/accounts/plans/today/ HTTP/1.1" 200 62
INFO 2025-05-23 01:35:27,788 basehttp 20708 43164 "GET /api/v1/accounts/plans/today/ HTTP/1.1" 200 62
INFO 2025-05-23 01:35:30,341 basehttp 20708 43164 "GET /api/v1/accounts/plans/date/2025-05-22/ HTTP/1.1" 200 487
INFO 2025-05-23 01:35:37,381 basehttp 20708 43164 "GET /api/v1/accounts/plans/date/2025-05-24/ HTTP/1.1" 200 81
INFO 2025-05-23 01:35:46,260 basehttp 20708 43164 "OPTIONS /api/v1/accounts/plans/date/2025-05-25/ HTTP/1.1" 200 0
INFO 2025-05-23 01:35:46,268 basehttp 20708 43164 "GET /api/v1/accounts/plans/date/2025-05-25/ HTTP/1.1" 200 81
INFO 2025-05-23 01:35:55,377 basehttp 20708 43164 "OPTIONS /api/v1/accounts/plans/date/2025-05-26/ HTTP/1.1" 200 0
INFO 2025-05-23 01:35:55,387 basehttp 20708 43164 "GET /api/v1/accounts/plans/date/2025-05-26/ HTTP/1.1" 200 81
INFO 2025-05-23 01:36:06,278 basehttp 20708 43164 "GET /api/v1/accounts/plans/today/ HTTP/1.1" 200 62
INFO 2025-05-23 01:36:09,083 basehttp 20708 43164 "GET /api/v1/accounts/plans/date/2025-05-24/ HTTP/1.1" 200 81
INFO 2025-05-23 01:36:11,995 basehttp 20708 43164 "OPTIONS /api/v1/accounts/plans/date/2025-05-30/ HTTP/1.1" 200 0
INFO 2025-05-23 01:36:12,004 basehttp 20708 43164 "GET /api/v1/accounts/plans/date/2025-05-30/ HTTP/1.1" 200 81
INFO 2025-05-23 01:36:12,957 basehttp 20708 43164 "OPTIONS /api/v1/accounts/plans/date/2025-05-31/ HTTP/1.1" 200 0
INFO 2025-05-23 01:36:12,969 basehttp 20708 43164 "GET /api/v1/accounts/plans/date/2025-05-31/ HTTP/1.1" 200 81
INFO 2025-05-23 01:36:13,666 basehttp 20708 43164 "OPTIONS /api/v1/accounts/plans/date/2025-05-29/ HTTP/1.1" 200 0
INFO 2025-05-23 01:36:13,676 basehttp 20708 43164 "GET /api/v1/accounts/plans/date/2025-05-29/ HTTP/1.1" 200 81
INFO 2025-05-23 01:36:14,487 basehttp 20708 43164 "OPTIONS /api/v1/accounts/plans/date/2025-05-15/ HTTP/1.1" 200 0
INFO 2025-05-23 01:36:14,498 basehttp 20708 43164 "GET /api/v1/accounts/plans/date/2025-05-15/ HTTP/1.1" 200 81
INFO 2025-05-23 01:36:18,042 basehttp 20708 43164 "GET /api/v1/accounts/plans/today/ HTTP/1.1" 200 62
INFO 2025-05-23 01:36:21,606 basehttp 20708 43164 "GET /api/v1/accounts/plans/date/2025-05-24/ HTTP/1.1" 200 81
INFO 2025-05-23 01:36:23,161 basehttp 20708 43164 "OPTIONS /api/v1/accounts/plans/date/2025-05-16/ HTTP/1.1" 200 0
INFO 2025-05-23 01:36:23,172 basehttp 20708 43164 "GET /api/v1/accounts/plans/date/2025-05-16/ HTTP/1.1" 200 81
INFO 2025-05-23 01:37:43,035 basehttp 20708 43164 "GET /api/v1/accounts/plans/date/2025-05-24/ HTTP/1.1" 200 81
INFO 2025-05-23 01:37:47,058 basehttp 20708 43164 "GET /api/v1/accounts/plans/today/ HTTP/1.1" 200 62
INFO 2025-05-23 01:37:49,943 basehttp 20708 43164 "GET /api/v1/accounts/plans/date/2025-05-24/ HTTP/1.1" 200 81
INFO 2025-05-23 01:37:50,642 basehttp 20708 43164 "GET /api/v1/accounts/plans/date/2025-05-31/ HTTP/1.1" 200 81
INFO 2025-05-23 01:37:51,774 basehttp 20708 43164 "GET /api/v1/accounts/plans/date/2025-05-30/ HTTP/1.1" 200 81
INFO 2025-05-23 01:37:52,697 basehttp 20708 43164 "GET /api/v1/accounts/plans/date/2025-05-29/ HTTP/1.1" 200 81
INFO 2025-05-23 01:37:55,300 basehttp 20708 43164 "OPTIONS /api/v1/accounts/plans/date/2025-06-07/ HTTP/1.1" 200 0
INFO 2025-05-23 01:37:55,310 basehttp 20708 43164 "GET /api/v1/accounts/plans/date/2025-06-07/ HTTP/1.1" 200 81
INFO 2025-05-23 01:38:01,470 basehttp 20708 43164 "GET /api/v1/accounts/plans/date/2025-05-24/ HTTP/1.1" 200 81
INFO 2025-05-23 01:38:05,639 basehttp 20708 43164 "GET /api/v1/accounts/plans/today/ HTTP/1.1" 200 62
INFO 2025-05-23 01:38:07,253 basehttp 20708 43164 "GET /api/v1/accounts/plans/date/2025-05-22/ HTTP/1.1" 200 487
INFO 2025-05-23 01:38:12,057 basehttp 20708 43164 "OPTIONS /api/v1/accounts/plans/2/complete/ HTTP/1.1" 200 0
INFO 2025-05-23 01:38:12,075 basehttp 20708 43164 "PATCH /api/v1/accounts/plans/2/complete/ HTTP/1.1" 200 206
INFO 2025-05-23 01:38:12,091 basehttp 20708 43164 "GET /api/v1/accounts/plans/date/2025-05-22/ HTTP/1.1" 200 486
INFO 2025-05-23 01:38:20,046 basehttp 20708 43164 "GET /api/v1/accounts/plans/date/2025-05-24/ HTTP/1.1" 200 81
INFO 2025-05-23 01:42:32,828 basehttp 20708 43164 "GET /api/v1/accounts/plans/date/2025-05-24/ HTTP/1.1" 200 81
INFO 2025-05-23 01:42:36,872 basehttp 20708 43164 "GET /api/v1/accounts/plans/date/2025-05-30/ HTTP/1.1" 200 81
INFO 2025-05-23 01:42:40,695 basehttp 20708 43164 "GET /api/v1/accounts/plans/date/2025-05-16/ HTTP/1.1" 200 81
INFO 2025-05-23 01:42:42,963 basehttp 20708 43164 "GET /api/v1/accounts/plans/today/ HTTP/1.1" 200 62
INFO 2025-05-23 01:42:43,715 basehttp 20708 43164 "GET /api/v1/accounts/plans/date/2025-05-22/ HTTP/1.1" 200 486
INFO 2025-05-23 01:43:13,171 basehttp 20708 43164 "GET /api/v1/accounts/plans/today/ HTTP/1.1" 200 62
INFO 2025-05-23 01:43:16,172 basehttp 20708 43164 "GET /api/v1/accounts/plans/date/2025-05-22/ HTTP/1.1" 200 486
INFO 2025-05-23 01:44:50,025 basehttp 20708 43164 "GET /api/v1/accounts/plans/date/2025-05-24/ HTTP/1.1" 200 81
INFO 2025-05-23 01:44:53,891 basehttp 20708 43164 "GET /api/v1/accounts/plans/today/ HTTP/1.1" 200 62
INFO 2025-05-23 01:44:54,532 basehttp 20708 43164 "GET /api/v1/accounts/plans/date/2025-05-22/ HTTP/1.1" 200 486
INFO 2025-05-23 01:45:41,989 basehttp 20708 43164 "GET /api/v1/accounts/plans/today/ HTTP/1.1" 200 62
INFO 2025-05-23 01:46:14,654 basehttp 20708 43164 "GET /api/v1/accounts/plans/date/2025-05-22/ HTTP/1.1" 200 486
INFO 2025-05-23 01:46:23,706 basehttp 20708 43164 "GET /api/v1/accounts/plans/today/ HTTP/1.1" 200 62
INFO 2025-05-23 01:46:30,689 basehttp 20708 43164 "GET /api/v1/accounts/plans/date/2025-05-24/ HTTP/1.1" 200 81
INFO 2025-05-23 01:46:32,830 basehttp 20708 43164 "OPTIONS /api/v1/accounts/plans/date/2025-05-10/ HTTP/1.1" 200 0
INFO 2025-05-23 01:46:32,842 basehttp 20708 43164 "GET /api/v1/accounts/plans/date/2025-05-10/ HTTP/1.1" 200 81
INFO 2025-05-23 01:46:59,231 basehttp 20708 43164 "GET /api/v1/accounts/plans/date/2025-05-24/ HTTP/1.1" 200 81
INFO 2025-05-23 01:46:59,995 basehttp 20708 43164 "GET /api/v1/accounts/plans/date/2025-05-31/ HTTP/1.1" 200 81
INFO 2025-05-23 01:47:01,462 basehttp 20708 43164 "GET /api/v1/accounts/plans/date/2025-05-30/ HTTP/1.1" 200 81
INFO 2025-05-23 01:47:02,731 basehttp 20708 43164 "GET /api/v1/accounts/plans/today/ HTTP/1.1" 200 62
INFO 2025-05-23 01:48:41,047 basehttp 20708 43164 "GET /api/v1/accounts/plans/today/ HTTP/1.1" 200 62
INFO 2025-05-23 01:48:42,408 basehttp 20708 43164 "GET /api/v1/accounts/plans/today/ HTTP/1.1" 200 62
INFO 2025-05-23 01:48:43,228 basehttp 20708 43164 "GET /api/v1/accounts/plans/today/ HTTP/1.1" 200 62
INFO 2025-05-23 01:52:49,432 basehttp 20708 48596 "GET /api/v1/accounts/plans/date/2025-05-24/ HTTP/1.1" 200 81
INFO 2025-05-23 01:52:52,349 basehttp 20708 48596 "GET /api/v1/accounts/plans/date/2025-05-24/ HTTP/1.1" 200 81
INFO 2025-05-23 01:52:53,132 basehttp 20708 48596 "GET /api/v1/accounts/plans/date/2025-05-24/ HTTP/1.1" 200 81
INFO 2025-05-23 02:01:13,081 basehttp 20708 51572 "GET /api/v1/accounts/plans/today/ HTTP/1.1" 200 62
INFO 2025-05-23 02:01:13,098 basehttp 20708 51572 "GET /api/v1/accounts/plans/today/ HTTP/1.1" 200 62
INFO 2025-05-23 02:01:15,753 basehttp 20708 51572 "GET /api/v1/accounts/plans/date/2025-05-24/ HTTP/1.1" 200 81
INFO 2025-05-23 02:01:22,787 basehttp 20708 51572 "GET /api/v1/accounts/plans/today/ HTTP/1.1" 200 62
INFO 2025-05-23 02:01:23,510 basehttp 20708 51572 "GET /api/v1/accounts/plans/date/2025-05-22/ HTTP/1.1" 200 486
INFO 2025-05-23 02:01:31,952 basehttp 20708 51572 "OPTIONS /api/v1/accounts/plans/today/ HTTP/1.1" 200 0
INFO 2025-05-23 02:01:31,953 basehttp 20708 43116 "OPTIONS /api/v1/accounts/plans/today/ HTTP/1.1" 200 0
INFO 2025-05-23 02:01:31,971 basehttp 20708 43116 "GET /api/v1/accounts/plans/today/ HTTP/1.1" 200 62
INFO 2025-05-23 02:01:31,973 basehttp 20708 51572 "GET /api/v1/accounts/plans/today/ HTTP/1.1" 200 62
INFO 2025-05-23 02:01:33,383 basehttp 20708 51572 "GET /api/v1/accounts/plans/date/2025-05-24/ HTTP/1.1" 200 81
INFO 2025-05-23 02:07:08,849 basehttp 20708 38956 "POST /api/v1/accounts/token/ HTTP/1.1" 200 571
INFO 2025-05-23 02:07:08,916 basehttp 20708 38956 "GET /api/v1/accounts/plans/today/ HTTP/1.1" 200 62
INFO 2025-05-23 02:07:08,938 basehttp 20708 42664 "GET /api/v1/accounts/plans/today/ HTTP/1.1" 200 62
INFO 2025-05-23 02:07:11,327 basehttp 20708 42664 "GET /api/v1/accounts/plans/date/2025-05-24/ HTTP/1.1" 200 81
INFO 2025-05-23 02:07:17,740 basehttp 20708 42664 "OPTIONS /api/v1/accounts/plans/today/ HTTP/1.1" 200 0
INFO 2025-05-23 02:07:17,740 basehttp 20708 38956 "OPTIONS /api/v1/accounts/plans/today/ HTTP/1.1" 200 0
INFO 2025-05-23 02:07:17,754 basehttp 20708 38956 "GET /api/v1/accounts/plans/today/ HTTP/1.1" 200 62
INFO 2025-05-23 02:07:17,755 basehttp 20708 42664 "GET /api/v1/accounts/plans/today/ HTTP/1.1" 200 62
INFO 2025-05-23 02:07:19,170 basehttp 20708 42664 "GET /api/v1/accounts/plans/date/2025-05-24/ HTTP/1.1" 200 81
INFO 2025-05-23 02:07:20,547 basehttp 20708 42664 "GET /api/v1/accounts/plans/date/2025-05-31/ HTTP/1.1" 200 81
INFO 2025-05-23 02:07:21,412 basehttp 20708 42664 "GET /api/v1/accounts/plans/date/2025-05-30/ HTTP/1.1" 200 81
INFO 2025-05-23 02:07:22,027 basehttp 20708 42664 "GET /api/v1/accounts/plans/date/2025-05-29/ HTTP/1.1" 200 81
INFO 2025-05-23 02:07:24,251 basehttp 20708 42664 "GET /api/v1/accounts/plans/date/2025-05-31/ HTTP/1.1" 200 81
INFO 2025-05-23 02:07:43,313 basehttp 20708 42664 "GET /api/v1/accounts/plans/date/2025-05-31/ HTTP/1.1" 200 81
INFO 2025-05-23 02:07:48,898 basehttp 20708 42664 "GET /api/v1/accounts/plans/date/2025-05-24/ HTTP/1.1" 200 81
INFO 2025-05-23 02:07:50,420 basehttp 20708 42664 "GET /api/v1/accounts/plans/date/2025-05-24/ HTTP/1.1" 200 81
INFO 2025-05-23 02:07:52,560 basehttp 20708 42664 "GET /api/v1/accounts/plans/date/2025-05-10/ HTTP/1.1" 200 81
INFO 2025-05-23 02:07:54,287 basehttp 20708 42664 "OPTIONS /api/v1/accounts/plans/date/2025-05-17/ HTTP/1.1" 200 0
INFO 2025-05-23 02:07:54,297 basehttp 20708 42664 "GET /api/v1/accounts/plans/date/2025-05-17/ HTTP/1.1" 200 81
INFO 2025-05-23 02:07:55,249 basehttp 20708 42664 "GET /api/v1/accounts/plans/date/2025-05-24/ HTTP/1.1" 200 81
INFO 2025-05-23 02:08:02,321 basehttp 20708 42664 "GET /api/v1/accounts/plans/date/2025-05-24/ HTTP/1.1" 200 81
INFO 2025-05-23 02:08:05,067 basehttp 20708 42664 "GET /api/v1/accounts/plans/date/2025-05-31/ HTTP/1.1" 200 81
INFO 2025-05-23 02:08:08,088 basehttp 20708 42664 "GET /api/v1/accounts/plans/date/2025-05-30/ HTTP/1.1" 200 81
INFO 2025-05-23 02:08:08,960 basehttp 20708 42664 "GET /api/v1/accounts/plans/date/2025-05-29/ HTTP/1.1" 200 81
INFO 2025-05-23 02:08:10,148 basehttp 20708 42664 "OPTIONS /api/v1/accounts/plans/date/2025-05-27/ HTTP/1.1" 200 0
INFO 2025-05-23 02:08:10,156 basehttp 20708 42664 "GET /api/v1/accounts/plans/date/2025-05-27/ HTTP/1.1" 200 81
INFO 2025-05-23 02:08:10,948 basehttp 20708 42664 "GET /api/v1/accounts/plans/date/2025-05-26/ HTTP/1.1" 200 81
INFO 2025-05-23 02:09:21,593 basehttp 20708 42664 "GET /api/v1/accounts/plans/date/2025-05-31/ HTTP/1.1" 200 81
INFO 2025-05-23 02:09:25,051 basehttp 20708 42664 "GET /api/v1/accounts/plans/today/ HTTP/1.1" 200 62
INFO 2025-05-23 02:09:29,540 basehttp 20708 42664 "GET /api/v1/accounts/plans/date/2025-05-24/ HTTP/1.1" 200 81
INFO 2025-05-23 02:09:30,220 basehttp 20708 42664 "GET /api/v1/accounts/plans/date/2025-05-31/ HTTP/1.1" 200 81
INFO 2025-05-23 02:09:30,911 basehttp 20708 42664 "GET /api/v1/accounts/plans/date/2025-05-30/ HTTP/1.1" 200 81
INFO 2025-05-23 02:09:31,503 basehttp 20708 42664 "GET /api/v1/accounts/plans/date/2025-05-29/ HTTP/1.1" 200 81
INFO 2025-05-23 02:09:33,476 basehttp 20708 42664 "GET /api/v1/accounts/plans/date/2025-05-15/ HTTP/1.1" 200 81
INFO 2025-05-23 02:09:34,553 basehttp 20708 42664 "GET /api/v1/accounts/plans/date/2025-05-22/ HTTP/1.1" 200 486
INFO 2025-05-23 02:09:35,552 basehttp 20708 42664 "OPTIONS /api/v1/accounts/plans/date/2025-05-02/ HTTP/1.1" 200 0
INFO 2025-05-23 02:09:35,562 basehttp 20708 42664 "GET /api/v1/accounts/plans/date/2025-05-02/ HTTP/1.1" 200 81
INFO 2025-05-23 02:09:37,392 basehttp 20708 42664 "GET /api/v1/accounts/plans/date/2025-05-17/ HTTP/1.1" 200 81
INFO 2025-05-23 02:09:39,060 basehttp 20708 42664 "GET /api/v1/accounts/plans/date/2025-05-24/ HTTP/1.1" 200 81
INFO 2025-05-23 02:09:48,302 basehttp 20708 42664 "GET /api/v1/accounts/plans/date/2025-05-17/ HTTP/1.1" 200 81
INFO 2025-05-23 02:09:50,056 basehttp 20708 42664 "OPTIONS /api/v1/accounts/plans/date/2025-06-14/ HTTP/1.1" 200 0
INFO 2025-05-23 02:09:50,065 basehttp 20708 42664 "GET /api/v1/accounts/plans/date/2025-06-14/ HTTP/1.1" 200 81
INFO 2025-05-23 02:09:51,273 basehttp 20708 42664 "GET /api/v1/accounts/plans/today/ HTTP/1.1" 200 62
INFO 2025-05-23 02:13:23,159 basehttp 20708 42664 "GET /api/v1/accounts/plans/date/2025-05-24/ HTTP/1.1" 200 81
INFO 2025-05-23 02:13:25,335 basehttp 20708 42664 "GET /api/v1/accounts/plans/today/ HTTP/1.1" 200 62
INFO 2025-05-23 02:13:26,387 basehttp 20708 42664 "GET /api/v1/accounts/plans/date/2025-05-30/ HTTP/1.1" 200 81
INFO 2025-05-23 02:13:29,028 basehttp 20708 42664 "GET /api/v1/accounts/plans/today/ HTTP/1.1" 200 62
INFO 2025-05-23 02:13:29,571 basehttp 20708 42664 "GET /api/v1/accounts/plans/date/2025-05-22/ HTTP/1.1" 200 486
INFO 2025-05-23 02:13:31,650 basehttp 20708 42664 "GET /api/v1/accounts/plans/today/ HTTP/1.1" 200 62
INFO 2025-05-23 02:13:32,255 basehttp 20708 42664 "GET /api/v1/accounts/plans/date/2025-05-24/ HTTP/1.1" 200 81
INFO 2025-05-23 02:13:32,713 basehttp 20708 42664 "GET /api/v1/accounts/plans/date/2025-05-17/ HTTP/1.1" 200 81
INFO 2025-05-23 02:13:33,267 basehttp 20708 42664 "GET /api/v1/accounts/plans/date/2025-05-16/ HTTP/1.1" 200 81
INFO 2025-05-23 02:13:34,398 basehttp 20708 42664 "GET /api/v1/accounts/plans/date/2025-05-15/ HTTP/1.1" 200 81
INFO 2025-05-23 02:13:35,665 basehttp 20708 42664 "GET /api/v1/accounts/plans/date/2025-05-22/ HTTP/1.1" 200 486
INFO 2025-05-23 02:13:40,826 basehttp 20708 42664 "GET /api/v1/accounts/plans/date/2025-05-02/ HTTP/1.1" 200 81
INFO 2025-05-23 02:13:42,733 basehttp 20708 42664 "OPTIONS /api/v1/accounts/plans/date/2025-05-03/ HTTP/1.1" 200 0
INFO 2025-05-23 02:13:42,742 basehttp 20708 42664 "GET /api/v1/accounts/plans/date/2025-05-03/ HTTP/1.1" 200 81
INFO 2025-05-23 02:13:44,234 basehttp 20708 42664 "GET /api/v1/accounts/plans/date/2025-05-10/ HTTP/1.1" 200 81
INFO 2025-05-23 02:13:45,321 basehttp 20708 42664 "GET /api/v1/accounts/plans/date/2025-05-02/ HTTP/1.1" 200 81
INFO 2025-05-23 02:13:45,911 basehttp 20708 42664 "OPTIONS /api/v1/accounts/plans/date/2025-05-01/ HTTP/1.1" 200 0
INFO 2025-05-23 02:13:45,921 basehttp 20708 42664 "GET /api/v1/accounts/plans/date/2025-05-01/ HTTP/1.1" 200 81
INFO 2025-05-23 02:13:47,239 basehttp 20708 42664 "GET /api/v1/accounts/plans/today/ HTTP/1.1" 200 62
INFO 2025-05-23 02:13:50,617 basehttp 20708 42664 "GET /api/v1/accounts/plans/date/2025-05-24/ HTTP/1.1" 200 81
INFO 2025-05-23 02:13:55,073 basehttp 20708 42664 "GET /api/v1/accounts/plans/date/2025-05-17/ HTTP/1.1" 200 81
INFO 2025-05-23 02:18:34,372 basehttp 20708 42664 "GET /api/v1/accounts/plans/date/2025-05-24/ HTTP/1.1" 200 81
INFO 2025-05-23 02:18:35,094 basehttp 20708 42664 "GET /api/v1/accounts/plans/today/ HTTP/1.1" 200 62
INFO 2025-05-23 02:18:35,710 basehttp 20708 42664 "GET /api/v1/accounts/plans/date/2025-05-16/ HTTP/1.1" 200 81
INFO 2025-05-23 02:18:36,467 basehttp 20708 42664 "GET /api/v1/accounts/plans/date/2025-05-15/ HTTP/1.1" 200 81
INFO 2025-05-23 02:18:36,912 basehttp 20708 42664 "OPTIONS /api/v1/accounts/plans/date/2025-05-14/ HTTP/1.1" 200 0
INFO 2025-05-23 02:18:36,920 basehttp 20708 42664 "GET /api/v1/accounts/plans/date/2025-05-14/ HTTP/1.1" 200 81
INFO 2025-05-23 02:18:40,968 basehttp 20708 42664 "GET /api/v1/accounts/plans/date/2025-05-15/ HTTP/1.1" 200 81
INFO 2025-05-23 02:18:41,539 basehttp 20708 42664 "GET /api/v1/accounts/plans/date/2025-05-16/ HTTP/1.1" 200 81
INFO 2025-05-23 02:18:45,397 basehttp 20708 42664 "GET /api/v1/accounts/plans/date/2025-05-17/ HTTP/1.1" 200 81
INFO 2025-05-23 02:18:46,365 basehttp 20708 42664 "GET /api/v1/accounts/plans/date/2025-05-22/ HTTP/1.1" 200 486
INFO 2025-05-23 02:18:50,534 basehttp 20708 42664 "GET /api/v1/accounts/plans/today/ HTTP/1.1" 200 62
INFO 2025-05-23 02:18:52,362 basehttp 20708 42664 "GET /api/v1/accounts/plans/date/2025-05-24/ HTTP/1.1" 200 81
INFO 2025-05-23 02:18:52,948 basehttp 20708 42664 "GET /api/v1/accounts/plans/date/2025-05-31/ HTTP/1.1" 200 81
INFO 2025-05-23 02:18:53,421 basehttp 20708 42664 "GET /api/v1/accounts/plans/date/2025-05-30/ HTTP/1.1" 200 81
INFO 2025-05-23 02:18:53,847 basehttp 20708 42664 "GET /api/v1/accounts/plans/date/2025-05-29/ HTTP/1.1" 200 81
INFO 2025-05-23 02:18:58,052 basehttp 20708 42664 "GET /api/v1/accounts/plans/date/2025-05-22/ HTTP/1.1" 200 486
INFO 2025-05-23 02:24:56,197 basehttp 20708 36860 "OPTIONS /api/v1/accounts/plans/3/edit/ HTTP/1.1" 200 0
INFO 2025-05-23 02:24:56,224 basehttp 20708 36860 "PUT /api/v1/accounts/plans/3/edit/ HTTP/1.1" 200 203
INFO 2025-05-23 02:24:56,246 basehttp 20708 36860 "GET /api/v1/accounts/plans/date/2025-05-22/ HTTP/1.1" 200 486
INFO 2025-05-23 02:25:06,343 basehttp 20708 36860 "OPTIONS /api/v1/accounts/plans/2/edit/ HTTP/1.1" 200 0
INFO 2025-05-23 02:25:06,358 basehttp 20708 36860 "PUT /api/v1/accounts/plans/2/edit/ HTTP/1.1" 200 197
INFO 2025-05-23 02:25:06,373 basehttp 20708 36860 "GET /api/v1/accounts/plans/date/2025-05-22/ HTTP/1.1" 200 483
INFO 2025-05-23 02:25:47,166 basehttp 20708 36860 "GET /api/v1/accounts/plans/today/ HTTP/1.1" 200 62
INFO 2025-05-23 02:25:50,700 basehttp 20708 36860 "GET /api/v1/accounts/plans/today/ HTTP/1.1" 200 62
INFO 2025-05-23 02:25:51,182 basehttp 20708 36860 "GET /api/v1/accounts/plans/today/ HTTP/1.1" 200 62
INFO 2025-05-23 02:25:55,419 basehttp 20708 36860 "GET /api/v1/accounts/plans/date/2025-05-24/ HTTP/1.1" 200 81
INFO 2025-05-23 02:25:56,603 basehttp 20708 36860 "GET /api/v1/accounts/plans/date/2025-05-22/ HTTP/1.1" 200 483
INFO 2025-05-23 02:25:57,290 basehttp 20708 36860 "GET /api/v1/accounts/plans/today/ HTTP/1.1" 200 62
INFO 2025-05-23 02:25:58,681 basehttp 20708 36860 "GET /api/v1/accounts/plans/date/2025-05-24/ HTTP/1.1" 200 81
INFO 2025-05-23 02:25:59,685 basehttp 20708 36860 "GET /api/v1/accounts/plans/today/ HTTP/1.1" 200 62
INFO 2025-05-23 02:27:17,387 basehttp 20708 36860 "GET /api/v1/accounts/plans/today/ HTTP/1.1" 200 62
INFO 2025-05-23 02:27:54,446 basehttp 20708 36860 "GET /api/v1/accounts/plans/date/2025-05-24/ HTTP/1.1" 200 81
INFO 2025-05-23 02:27:55,568 basehttp 20708 36860 "GET /api/v1/accounts/plans/date/2025-05-22/ HTTP/1.1" 200 483
INFO 2025-05-23 02:27:56,306 basehttp 20708 36860 "GET /api/v1/accounts/plans/date/2025-05-16/ HTTP/1.1" 200 81
INFO 2025-05-23 02:27:57,317 basehttp 20708 36860 "GET /api/v1/accounts/plans/date/2025-05-22/ HTTP/1.1" 200 483
INFO 2025-05-23 02:28:01,331 basehttp 20708 36860 "GET /api/v1/accounts/plans/date/2025-05-24/ HTTP/1.1" 200 81
INFO 2025-05-23 02:29:44,308 basehttp 20708 36860 "GET /api/v1/accounts/plans/today/ HTTP/1.1" 200 62
INFO 2025-05-23 02:29:44,321 basehttp 20708 36860 "GET /api/v1/accounts/plans/today/ HTTP/1.1" 200 62
INFO 2025-05-23 02:36:01,882 basehttp 20708 41352 "OPTIONS /api/v1/accounts/token/refresh/ HTTP/1.1" 200 0
INFO 2025-05-23 02:36:01,891 basehttp 20708 17264 "OPTIONS /api/v1/accounts/token/refresh/ HTTP/1.1" 200 0
INFO 2025-05-23 02:36:01,918 basehttp 20708 41352 "POST /api/v1/accounts/token/refresh/ HTTP/1.1" 200 483
INFO 2025-05-23 02:36:01,940 basehttp 20708 17264 "POST /api/v1/accounts/token/refresh/ HTTP/1.1" 200 483
INFO 2025-05-23 02:36:01,949 basehttp 20708 41352 "GET /api/v1/accounts/plans/today/ HTTP/1.1" 200 62
INFO 2025-05-23 02:36:01,960 basehttp 20708 17264 "GET /api/v1/accounts/plans/today/ HTTP/1.1" 200 62
INFO 2025-05-23 02:36:05,092 basehttp 20708 17264 "GET /api/v1/accounts/plans/today/ HTTP/1.1" 200 62
INFO 2025-05-23 02:36:05,108 basehttp 20708 41352 "GET /api/v1/accounts/plans/today/ HTTP/1.1" 200 62
INFO 2025-05-23 02:36:06,683 basehttp 20708 41352 "GET /api/v1/accounts/plans/today/ HTTP/1.1" 200 62
INFO 2025-05-23 02:36:06,697 basehttp 20708 17264 "GET /api/v1/accounts/plans/today/ HTTP/1.1" 200 62
INFO 2025-05-23 02:36:28,321 basehttp 20708 17264 "OPTIONS /api/v1/accounts/check/account/ HTTP/1.1" 200 0
INFO 2025-05-23 02:36:28,330 basehttp 20708 17264 "POST /api/v1/accounts/check/account/ HTTP/1.1" 200 82
INFO 2025-05-23 02:36:35,963 basehttp 20708 17264 "POST /api/v1/accounts/check/account/ HTTP/1.1" 200 82
INFO 2025-05-23 02:36:38,776 basehttp 20708 17264 "OPTIONS /api/v1/accounts/check/email/ HTTP/1.1" 200 0
INFO 2025-05-23 02:36:38,786 basehttp 20708 17264 "POST /api/v1/accounts/check/email/ HTTP/1.1" 200 87
INFO 2025-05-23 02:38:16,652 basehttp 20708 17264 "POST /api/v1/accounts/token/ HTTP/1.1" 200 571
INFO 2025-05-23 02:38:16,684 basehttp 20708 17264 "GET /api/v1/accounts/plans/today/ HTTP/1.1" 200 62
INFO 2025-05-23 02:38:16,694 basehttp 20708 41352 "GET /api/v1/accounts/plans/today/ HTTP/1.1" 200 62
INFO 2025-05-23 02:38:22,494 basehttp 20708 41352 "GET /api/v1/accounts/plans/date/2025-05-22/ HTTP/1.1" 200 483
INFO 2025-05-23 02:38:31,899 basehttp 20708 41352 "GET /api/v1/accounts/plans/date/2025-05-16/ HTTP/1.1" 200 81
INFO 2025-05-23 02:38:33,531 basehttp 20708 41352 "GET /api/v1/accounts/plans/today/ HTTP/1.1" 200 62
INFO 2025-05-23 02:38:40,163 basehttp 20708 41352 "GET /api/v1/accounts/plans/date/2025-05-24/ HTTP/1.1" 200 81
INFO 2025-05-23 02:38:41,795 basehttp 20708 41352 "GET /api/v1/accounts/plans/date/2025-05-25/ HTTP/1.1" 200 81
INFO 2025-05-23 02:38:42,810 basehttp 20708 41352 "GET /api/v1/accounts/plans/today/ HTTP/1.1" 200 62
INFO 2025-05-23 02:38:43,604 basehttp 20708 41352 "GET /api/v1/accounts/plans/date/2025-05-22/ HTTP/1.1" 200 483
INFO 2025-05-23 02:38:47,864 basehttp 20708 41352 "OPTIONS /api/v1/accounts/plans/date/2025-05-21/ HTTP/1.1" 200 0
INFO 2025-05-23 02:38:47,873 basehttp 20708 41352 "GET /api/v1/accounts/plans/date/2025-05-21/ HTTP/1.1" 200 81
INFO 2025-05-23 02:38:48,521 basehttp 20708 41352 "GET /api/v1/accounts/plans/date/2025-05-22/ HTTP/1.1" 200 483
INFO 2025-06-07 16:06:54,171 autoreload 15060 3040 Watching for file changes with StatReloader
INFO 2025-06-07 16:08:07,789 autoreload 18968 16428 Watching for file changes with StatReloader
INFO 2025-06-07 16:08:38,043 autoreload 1532 1824 Watching for file changes with StatReloader
INFO 2025-06-07 16:08:54,938 autoreload 11456 3228 Watching for file changes with StatReloader
INFO 2025-06-07 16:09:16,885 autoreload 12480 2884 Watching for file changes with StatReloader
INFO 2025-06-07 16:09:37,048 autoreload 11816 12452 Watching for file changes with StatReloader
INFO 2025-06-07 16:12:53,152 autoreload 17260 12120 Watching for file changes with StatReloader
INFO 2025-06-07 16:13:21,000 basehttp 17260 6204 "OPTIONS /api/v1/accounts/check/account/ HTTP/1.1" 200 0
ERROR 2025-06-07 16:13:21,037 basehttp 17260 6204 "POST /api/v1/accounts/check/account/ HTTP/1.1" 500 64
INFO 2025-06-07 16:14:13,740 autoreload 20304 11436 Watching for file changes with StatReloader
INFO 2025-06-07 16:14:19,697 basehttp 20304 2352 "POST /api/v1/accounts/check/account/ HTTP/1.1" 200 82
INFO 2025-06-07 16:14:26,159 basehttp 20304 2352 "OPTIONS /api/v1/accounts/check/email/ HTTP/1.1" 200 0
INFO 2025-06-07 16:14:26,162 basehttp 20304 2352 "POST /api/v1/accounts/check/email/ HTTP/1.1" 200 88
INFO 2025-06-07 16:14:34,231 basehttp 20304 2352 "OPTIONS /api/v1/accounts/check/password/ HTTP/1.1" 200 0
INFO 2025-06-07 16:14:34,232 basehttp 20304 2352 "POST /api/v1/accounts/check/password/ HTTP/1.1" 200 82
INFO 2025-06-07 16:14:34,235 basehttp 20304 2352 "OPTIONS /api/v1/accounts/register/ HTTP/1.1" 200 0
INFO 2025-06-07 16:14:35,282 basehttp 20304 2352 "POST /api/v1/accounts/register/ HTTP/1.1" 201 621
INFO 2025-06-07 16:14:35,293 basehttp 20304 2352 "OPTIONS /api/v1/accounts/plans/today/ HTTP/1.1" 200 0
INFO 2025-06-07 16:14:35,293 basehttp 20304 17132 "OPTIONS /api/v1/accounts/plans/today/ HTTP/1.1" 200 0
INFO 2025-06-07 16:14:35,299 basehttp 20304 17132 "GET /api/v1/accounts/plans/today/ HTTP/1.1" 200 62
INFO 2025-06-07 16:14:35,304 basehttp 20304 17132 "GET /api/v1/accounts/plans/today/ HTTP/1.1" 200 62
INFO 2025-06-07 16:14:43,920 basehttp 20304 17132 "GET /api/v1/accounts/plans/today/ HTTP/1.1" 200 62
INFO 2025-06-07 16:14:43,924 basehttp 20304 17132 "GET /api/v1/accounts/plans/today/ HTTP/1.1" 200 62
INFO 2025-06-07 16:14:44,909 basehttp 20304 17132 "GET /api/v1/accounts/plans/today/ HTTP/1.1" 200 62
INFO 2025-06-07 16:14:44,914 basehttp 20304 17132 "GET /api/v1/accounts/plans/today/ HTTP/1.1" 200 62
INFO 2025-06-07 16:14:45,495 basehttp 20304 17132 "GET /api/v1/accounts/plans/today/ HTTP/1.1" 200 62
INFO 2025-06-07 16:14:45,499 basehttp 20304 17132 "GET /api/v1/accounts/plans/today/ HTTP/1.1" 200 62
INFO 2025-06-07 16:14:46,051 basehttp 20304 17132 "GET /api/v1/accounts/plans/today/ HTTP/1.1" 200 62
INFO 2025-06-07 16:14:46,056 basehttp 20304 17132 "GET /api/v1/accounts/plans/today/ HTTP/1.1" 200 62
INFO 2025-06-07 16:14:46,521 basehttp 20304 17132 "GET /api/v1/accounts/plans/today/ HTTP/1.1" 200 62
INFO 2025-06-07 16:14:46,525 basehttp 20304 17132 "GET /api/v1/accounts/plans/today/ HTTP/1.1" 200 62
INFO 2025-06-07 16:14:47,204 basehttp 20304 17132 "GET /api/v1/accounts/plans/today/ HTTP/1.1" 200 62
INFO 2025-06-07 16:14:47,208 basehttp 20304 17132 "GET /api/v1/accounts/plans/today/ HTTP/1.1" 200 62
INFO 2025-06-07 16:14:47,741 basehttp 20304 17132 "GET /api/v1/accounts/plans/today/ HTTP/1.1" 200 62
INFO 2025-06-07 16:14:47,749 basehttp 20304 17132 "GET /api/v1/accounts/plans/today/ HTTP/1.1" 200 62
INFO 2025-06-07 16:14:48,234 basehttp 20304 17132 "GET /api/v1/accounts/plans/today/ HTTP/1.1" 200 62
INFO 2025-06-07 16:14:48,239 basehttp 20304 17132 "GET /api/v1/accounts/plans/today/ HTTP/1.1" 200 62
INFO 2025-06-07 16:14:49,311 basehttp 20304 17132 "GET /api/v1/accounts/plans/today/ HTTP/1.1" 200 62
INFO 2025-06-07 16:14:49,315 basehttp 20304 17132 "GET /api/v1/accounts/plans/today/ HTTP/1.1" 200 62
INFO 2025-06-07 16:14:50,311 basehttp 20304 17132 "GET /api/v1/accounts/plans/today/ HTTP/1.1" 200 62
INFO 2025-06-07 16:14:50,315 basehttp 20304 17132 "GET /api/v1/accounts/plans/today/ HTTP/1.1" 200 62
INFO 2025-06-07 16:14:51,287 basehttp 20304 17132 "GET /api/v1/accounts/plans/today/ HTTP/1.1" 200 62
INFO 2025-06-07 16:14:51,291 basehttp 20304 17132 "GET /api/v1/accounts/plans/today/ HTTP/1.1" 200 62
INFO 2025-06-07 16:14:52,029 basehttp 20304 17132 "GET /api/v1/accounts/plans/today/ HTTP/1.1" 200 62
INFO 2025-06-07 16:14:52,032 basehttp 20304 17132 "GET /api/v1/accounts/plans/today/ HTTP/1.1" 200 62
INFO 2025-06-07 16:14:52,698 basehttp 20304 17132 "GET /api/v1/accounts/plans/today/ HTTP/1.1" 200 62
INFO 2025-06-07 16:14:52,702 basehttp 20304 17132 "GET /api/v1/accounts/plans/today/ HTTP/1.1" 200 62
INFO 2025-06-07 16:14:54,056 basehttp 20304 17132 "GET /api/v1/accounts/plans/today/ HTTP/1.1" 200 62
INFO 2025-06-07 16:14:54,060 basehttp 20304 17132 "GET /api/v1/accounts/plans/today/ HTTP/1.1" 200 62
INFO 2025-06-07 16:15:09,450 basehttp 20304 17132 "OPTIONS /api/v1/accounts/plans/create/ HTTP/1.1" 200 0
INFO 2025-06-07 16:15:09,461 basehttp 20304 17132 "POST /api/v1/accounts/plans/create/ HTTP/1.1" 201 193
INFO 2025-06-07 16:15:09,467 basehttp 20304 17132 "GET /api/v1/accounts/plans/today/ HTTP/1.1" 200 189
INFO 2025-06-07 16:15:12,382 basehttp 20304 17132 "OPTIONS /api/v1/accounts/plans/1/complete/ HTTP/1.1" 200 0
INFO 2025-06-07 16:15:12,393 basehttp 20304 17132 "PATCH /api/v1/accounts/plans/1/complete/ HTTP/1.1" 200 198
INFO 2025-06-07 16:15:12,398 basehttp 20304 17132 "GET /api/v1/accounts/plans/today/ HTTP/1.1" 200 188
INFO 2025-06-07 16:22:51,731 basehttp 20304 20880 "GET /api/v1/accounts/plans/today/ HTTP/1.1" 200 188
INFO 2025-06-07 16:22:51,735 basehttp 20304 20880 "GET /api/v1/accounts/plans/today/ HTTP/1.1" 200 188
INFO 2025-06-07 16:22:52,002 basehttp 20304 20880 "GET /api/v1/accounts/plans/today/ HTTP/1.1" 200 188
INFO 2025-06-07 16:22:52,007 basehttp 20304 20880 "GET /api/v1/accounts/plans/today/ HTTP/1.1" 200 188
INFO 2025-06-07 16:22:54,944 basehttp 20304 20880 "GET /api/v1/accounts/plans/today/ HTTP/1.1" 200 188
INFO 2025-06-07 16:22:54,951 basehttp 20304 20880 "GET /api/v1/accounts/plans/today/ HTTP/1.1" 200 188
INFO 2025-06-07 16:22:55,727 basehttp 20304 20880 "GET /api/v1/accounts/plans/today/ HTTP/1.1" 200 188
INFO 2025-06-07 16:22:55,731 basehttp 20304 20880 "GET /api/v1/accounts/plans/today/ HTTP/1.1" 200 188
INFO 2025-06-07 16:22:57,049 basehttp 20304 20880 "GET /api/v1/accounts/plans/today/ HTTP/1.1" 200 188
INFO 2025-06-07 16:22:57,053 basehttp 20304 20880 "GET /api/v1/accounts/plans/today/ HTTP/1.1" 200 188
INFO 2025-06-07 16:22:57,450 basehttp 20304 20880 "GET /api/v1/accounts/plans/today/ HTTP/1.1" 200 188
INFO 2025-06-07 16:22:57,455 basehttp 20304 20880 "GET /api/v1/accounts/plans/today/ HTTP/1.1" 200 188
INFO 2025-06-07 16:22:57,629 basehttp 20304 20880 "GET /api/v1/accounts/plans/today/ HTTP/1.1" 200 188
INFO 2025-06-07 16:22:57,633 basehttp 20304 20880 "GET /api/v1/accounts/plans/today/ HTTP/1.1" 200 188
INFO 2025-06-07 16:22:57,753 basehttp 20304 20880 "GET /api/v1/accounts/plans/today/ HTTP/1.1" 200 188
INFO 2025-06-07 16:22:57,757 basehttp 20304 20880 "GET /api/v1/accounts/plans/today/ HTTP/1.1" 200 188
INFO 2025-06-07 16:22:57,906 basehttp 20304 20880 "GET /api/v1/accounts/plans/today/ HTTP/1.1" 200 188
INFO 2025-06-07 16:22:57,911 basehttp 20304 20880 "GET /api/v1/accounts/plans/today/ HTTP/1.1" 200 188
INFO 2025-06-07 16:22:58,243 basehttp 20304 20880 "GET /api/v1/accounts/plans/today/ HTTP/1.1" 200 188
INFO 2025-06-07 16:22:58,247 basehttp 20304 20880 "GET /api/v1/accounts/plans/today/ HTTP/1.1" 200 188
INFO 2025-06-07 16:22:58,410 basehttp 20304 20880 "GET /api/v1/accounts/plans/today/ HTTP/1.1" 200 188
INFO 2025-06-07 16:22:58,415 basehttp 20304 20880 "GET /api/v1/accounts/plans/today/ HTTP/1.1" 200 188
INFO 2025-06-07 16:22:58,583 basehttp 20304 20880 "GET /api/v1/accounts/plans/today/ HTTP/1.1" 200 188
INFO 2025-06-07 16:22:58,588 basehttp 20304 20880 "GET /api/v1/accounts/plans/today/ HTTP/1.1" 200 188
INFO 2025-06-07 16:22:58,914 basehttp 20304 20880 "GET /api/v1/accounts/plans/today/ HTTP/1.1" 200 188
INFO 2025-06-07 16:22:58,919 basehttp 20304 20880 "GET /api/v1/accounts/plans/today/ HTTP/1.1" 200 188
INFO 2025-06-07 16:22:59,064 basehttp 20304 20880 "GET /api/v1/accounts/plans/today/ HTTP/1.1" 200 188
INFO 2025-06-07 16:22:59,069 basehttp 20304 20880 "GET /api/v1/accounts/plans/today/ HTTP/1.1" 200 188
INFO 2025-06-07 16:22:59,259 basehttp 20304 20880 "GET /api/v1/accounts/plans/today/ HTTP/1.1" 200 188
INFO 2025-06-07 16:22:59,264 basehttp 20304 20880 "GET /api/v1/accounts/plans/today/ HTTP/1.1" 200 188
INFO 2025-06-07 16:23:09,348 basehttp 20304 20880 "GET /api/v1/accounts/plans/today/ HTTP/1.1" 200 188
INFO 2025-06-07 16:23:11,799 basehttp 20304 20880 "GET /api/v1/accounts/plans/today/ HTTP/1.1" 200 188
INFO 2025-06-07 16:23:12,774 basehttp 20304 20880 "OPTIONS /api/v1/accounts/plans/date/2025-06-13/ HTTP/1.1" 200 0
INFO 2025-06-07 16:23:12,781 basehttp 20304 20880 "GET /api/v1/accounts/plans/date/2025-06-13/ HTTP/1.1" 200 81
INFO 2025-06-07 16:23:13,878 basehttp 20304 20880 "OPTIONS /api/v1/accounts/plans/date/2025-06-14/ HTTP/1.1" 200 0
INFO 2025-06-07 16:23:13,882 basehttp 20304 20880 "GET /api/v1/accounts/plans/date/2025-06-14/ HTTP/1.1" 200 81
INFO 2025-06-07 16:23:14,582 basehttp 20304 20880 "OPTIONS /api/v1/accounts/plans/date/2025-06-20/ HTTP/1.1" 200 0
INFO 2025-06-07 16:23:14,586 basehttp 20304 20880 "GET /api/v1/accounts/plans/date/2025-06-20/ HTTP/1.1" 200 81
INFO 2025-06-07 16:23:15,135 basehttp 20304 20880 "OPTIONS /api/v1/accounts/plans/date/2025-06-19/ HTTP/1.1" 200 0
INFO 2025-06-07 16:23:15,139 basehttp 20304 20880 "GET /api/v1/accounts/plans/date/2025-06-19/ HTTP/1.1" 200 81
INFO 2025-06-07 16:23:16,010 basehttp 20304 20880 "GET /api/v1/accounts/plans/today/ HTTP/1.1" 200 188
INFO 2025-06-07 16:23:17,800 basehttp 20304 20880 "GET /api/v1/accounts/plans/today/ HTTP/1.1" 200 188
INFO 2025-06-07 16:23:17,805 basehttp 20304 20880 "GET /api/v1/accounts/plans/today/ HTTP/1.1" 200 188
INFO 2025-06-07 16:44:29,233 basehttp 20304 10316 "OPTIONS /api/v1/accounts/token/refresh/ HTTP/1.1" 200 0
INFO 2025-06-07 16:44:29,235 basehttp 20304 18628 "OPTIONS /api/v1/accounts/token/refresh/ HTTP/1.1" 200 0
INFO 2025-06-07 16:44:29,253 basehttp 20304 10316 "POST /api/v1/accounts/token/refresh/ HTTP/1.1" 200 483
INFO 2025-06-07 16:44:29,270 basehttp 20304 18628 "POST /api/v1/accounts/token/refresh/ HTTP/1.1" 200 483
INFO 2025-06-07 16:44:29,288 basehttp 20304 18628 "GET /api/v1/accounts/plans/today/ HTTP/1.1" 200 188
INFO 2025-06-07 16:44:29,291 basehttp 20304 18628 "GET /api/v1/accounts/plans/today/ HTTP/1.1" 200 188
INFO 2025-06-07 16:44:34,254 basehttp 20304 18628 "GET /api/v1/accounts/plans/today/ HTTP/1.1" 200 188
INFO 2025-06-07 16:44:34,258 basehttp 20304 18628 "GET /api/v1/accounts/plans/today/ HTTP/1.1" 200 188
INFO 2025-06-07 16:44:56,367 basehttp 20304 18628 "GET /api/v1/accounts/plans/today/ HTTP/1.1" 200 188
INFO 2025-06-07 16:44:56,370 basehttp 20304 18628 "GET /api/v1/accounts/plans/today/ HTTP/1.1" 200 188
